<?xml version="1.0" encoding="UTF-8"?>
<coverage generated="1740239304382" clover="3.2.0">
  <project timestamp="1740239304382" name="All files">
    <metrics statements="1" coveredstatements="1" conditionals="12" coveredconditionals="10" methods="7" coveredmethods="3" elements="20" coveredelements="14" complexity="0" loc="1" ncloc="1" packages="1" files="1" classes="1"/>
    <file name="index.tsx" path="/Users/rainxl/learing/yd-learn/dapp-interface-demo/src/utils/index.tsx">
      <metrics statements="1" coveredstatements="1" conditionals="12" coveredconditionals="10" methods="7" coveredmethods="3"/>
      <line num="1" count="15" type="cond" truecount="10" falsecount="2"/>
    </file>
  </project>
</coverage>
