{"/Users/rainxl/learing/yd-learn/dapp-interface-demo/src/utils/index.tsx": {"path":"/Users/rainxl/learing/yd-learn/dapp-interface-demo/src/utils/index.tsx","statementMap":{"0":{"start":{"line":1,"column":13},"end":{"line":1,"column":70}},"1":{"start":{"line":1,"column":99},"end":{"line":1,"column":185}},"2":{"start":{"line":1,"column":119},"end":{"line":1,"column":185}},"3":{"start":{"line":1,"column":186},"end":{"line":1,"column":299}},"4":{"start":{"line":1,"column":234},"end":{"line":1,"column":260}},"5":{"start":{"line":1,"column":281},"end":{"line":1,"column":295}},"6":{"start":{"line":1,"column":331},"end":{"line":1,"column":362}},"7":{"start":{"line":1,"column":363},"end":{"line":1,"column":397}},"8":{"start":{"line":1,"column":384},"end":{"line":1,"column":395}},"9":{"start":{"line":1,"column":397},"end":{"line":1,"column":408}},"10":{"start":{"line":1,"column":435},"end":{"line":1,"column":788}},"11":{"start":{"line":1,"column":473},"end":{"line":1,"column":494}},"12":{"start":{"line":1,"column":485},"end":{"line":1,"column":494}},"13":{"start":{"line":1,"column":494},"end":{"line":1,"column":551}},"14":{"start":{"line":1,"column":536},"end":{"line":1,"column":550}},"15":{"start":{"line":1,"column":570},"end":{"line":1,"column":619}},"16":{"start":{"line":1,"column":632},"end":{"line":1,"column":665}},"17":{"start":{"line":1,"column":676},"end":{"line":1,"column":706}},"18":{"start":{"line":1,"column":720},"end":{"line":1,"column":752}},"19":{"start":{"line":1,"column":753},"end":{"line":1,"column":787}},"20":{"start":{"line":1,"column":817},"end":{"line":1,"column":879}},"21":{"start":{"line":1,"column":862},"end":{"line":1,"column":879}},"22":{"start":{"line":1,"column":879},"end":{"line":1,"column":894}}},"fnMap":{"0":{"name":"_export","decl":{"start":{"line":1,"column":79},"end":{"line":1,"column":86}},"loc":{"start":{"line":1,"column":98},"end":{"line":1,"column":186}},"line":1},"1":{"name":"(anonymous_1)","decl":{"start":{"line":1,"column":223},"end":{"line":1,"column":224}},"loc":{"start":{"line":1,"column":233},"end":{"line":1,"column":261}},"line":1},"2":{"name":"(anonymous_2)","decl":{"start":{"line":1,"column":270},"end":{"line":1,"column":271}},"loc":{"start":{"line":1,"column":280},"end":{"line":1,"column":296}},"line":1},"3":{"name":"_metamask","decl":{"start":{"line":1,"column":308},"end":{"line":1,"column":317}},"loc":{"start":{"line":1,"column":319},"end":{"line":1,"column":409}},"line":1},"4":{"name":"(anonymous_4)","decl":{"start":{"line":1,"column":373},"end":{"line":1,"column":374}},"loc":{"start":{"line":1,"column":383},"end":{"line":1,"column":396}},"line":1},"5":{"name":"(anonymous_5)","decl":{"start":{"line":1,"column":435},"end":{"line":1,"column":436}},"loc":{"start":{"line":1,"column":472},"end":{"line":1,"column":788}},"line":1},"6":{"name":"getName","decl":{"start":{"line":1,"column":798},"end":{"line":1,"column":805}},"loc":{"start":{"line":1,"column":816},"end":{"line":1,"column":895}},"line":1}},"branchMap":{"0":{"loc":{"start":{"line":1,"column":444},"end":{"line":1,"column":457}},"type":"default-arg","locations":[{"start":{"line":1,"column":456},"end":{"line":1,"column":457}}],"line":1},"1":{"loc":{"start":{"line":1,"column":458},"end":{"line":1,"column":469}},"type":"default-arg","locations":[{"start":{"line":1,"column":468},"end":{"line":1,"column":469}}],"line":1},"2":{"loc":{"start":{"line":1,"column":473},"end":{"line":1,"column":494}},"type":"if","locations":[{"start":{"line":1,"column":473},"end":{"line":1,"column":494}},{"start":{},"end":{}}],"line":1},"3":{"loc":{"start":{"line":1,"column":494},"end":{"line":1,"column":551}},"type":"if","locations":[{"start":{"line":1,"column":494},"end":{"line":1,"column":551}},{"start":{},"end":{}}],"line":1},"4":{"loc":{"start":{"line":1,"column":570},"end":{"line":1,"column":619}},"type":"cond-expr","locations":[{"start":{"line":1,"column":595},"end":{"line":1,"column":611}},{"start":{"line":1,"column":612},"end":{"line":1,"column":619}}],"line":1},"5":{"loc":{"start":{"line":1,"column":720},"end":{"line":1,"column":752}},"type":"cond-expr","locations":[{"start":{"line":1,"column":745},"end":{"line":1,"column":749}},{"start":{"line":1,"column":750},"end":{"line":1,"column":752}}],"line":1},"6":{"loc":{"start":{"line":1,"column":817},"end":{"line":1,"column":879}},"type":"if","locations":[{"start":{"line":1,"column":817},"end":{"line":1,"column":879}},{"start":{},"end":{}}],"line":1}},"s":{"0":1,"1":1,"2":2,"3":1,"4":15,"5":0,"6":0,"7":0,"8":0,"9":0,"10":1,"11":15,"12":3,"13":12,"14":1,"15":11,"16":11,"17":11,"18":11,"19":11,"20":0,"21":0,"22":0},"f":{"0":1,"1":15,"2":0,"3":0,"4":0,"5":15,"6":0},"b":{"0":[10],"1":[10],"2":[3,12],"3":[1,11],"4":[10,1],"5":[10,1],"6":[0,0]},"inputSourceMap":{"0":"{","1":"\"","2":"v","3":"e","4":"r","5":"s","6":"i","7":"o","8":"n","9":"\"","10":":","11":"3","12":",","13":"\"","14":"s","15":"o","16":"u","17":"r","18":"c","19":"e","20":"s","21":"\"","22":":","23":"[","24":"\"","25":"/","26":"U","27":"s","28":"e","29":"r","30":"s","31":"/","32":"r","33":"a","34":"i","35":"n","36":"x","37":"l","38":"/","39":"l","40":"e","41":"a","42":"r","43":"i","44":"n","45":"g","46":"/","47":"y","48":"d","49":"-","50":"l","51":"e","52":"a","53":"r","54":"n","55":"/","56":"d","57":"a","58":"p","59":"p","60":"-","61":"i","62":"n","63":"t","64":"e","65":"r","66":"f","67":"a","68":"c","69":"e","70":"-","71":"d","72":"e","73":"m","74":"o","75":"/","76":"s","77":"r","78":"c","79":"/","80":"u","81":"t","82":"i","83":"l","84":"s","85":"/","86":"i","87":"n","88":"d","89":"e","90":"x","91":".","92":"t","93":"s","94":"x","95":"\"","96":"]","97":",","98":"\"","99":"s","100":"o","101":"u","102":"r","103":"c","104":"e","105":"s","106":"C","107":"o","108":"n","109":"t","110":"e","111":"n","112":"t","113":"\"","114":":","115":"[","116":"\"","117":"/","118":"*","119":"\\","120":"n","121":" ","122":"*","123":" ","124":"@","125":"A","126":"u","127":"t","128":"h","129":"o","130":"r","131":":","132":" ","133":"x","134":"i","135":"a","136":"n","137":"g","138":"l","139":"e","140":"i","141":"\\","142":"n","143":" ","144":"*","145":" ","146":"@","147":"D","148":"a","149":"t","150":"e","151":":","152":" ","153":"2","154":"0","155":"2","156":"5","157":"-","158":"0","159":"2","160":"-","161":"2","162":"0","163":" ","164":"0","165":"5","166":":","167":"1","168":"7","169":":","170":"4","171":"6","172":"\\","173":"n","174":" ","175":"*","176":" ","177":"@","178":"L","179":"a","180":"s","181":"t","182":"E","183":"d","184":"i","185":"t","186":"o","187":"r","188":"s","189":":","190":" ","191":"x","192":"i","193":"a","194":"n","195":"g","196":"l","197":"e","198":"i","199":"\\","200":"n","201":" ","202":"*","203":" ","204":"@","205":"L","206":"a","207":"s","208":"t","209":"E","210":"d","211":"i","212":"t","213":"T","214":"i","215":"m","216":"e","217":":","218":" ","219":"2","220":"0","221":"2","222":"5","223":"-","224":"0","225":"2","226":"-","227":"2","228":"0","229":" ","230":"1","231":"4","232":":","233":"5","234":"9","235":":","236":"4","237":"8","238":"\\","239":"n","240":" ","241":"*","242":" ","243":"@","244":"D","245":"e","246":"s","247":"c","248":"r","249":"i","250":"p","251":"t","252":"i","253":"o","254":"n","255":":","256":" ","257":"\\","258":"n","259":" ","260":"*","261":"/","262":"\\","263":"n","264":"i","265":"m","266":"p","267":"o","268":"r","269":"t","270":" ","271":"{","272":" ","273":"M","274":"e","275":"t","276":"a","277":"M","278":"a","279":"s","280":"k","281":" ","282":"}","283":" ","284":"f","285":"r","286":"o","287":"m","288":" ","289":"'","290":"@","291":"w","292":"e","293":"b","294":"3","295":"-","296":"r","297":"e","298":"a","299":"c","300":"t","301":"/","302":"m","303":"e","304":"t","305":"a","306":"m","307":"a","308":"s","309":"k","310":"'","311":";","312":"\\","313":"n","314":"i","315":"m","316":"p","317":"o","318":"r","319":"t","320":" ","321":"t","322":"y","323":"p","324":"e","325":" ","326":"{","327":" ","328":"C","329":"o","330":"n","331":"n","332":"e","333":"c","334":"t","335":"o","336":"r","337":" ","338":"}","339":" ","340":"f","341":"r","342":"o","343":"m","344":" ","345":"'","346":"@","347":"w","348":"e","349":"b","350":"3","351":"-","352":"r","353":"e","354":"a","355":"c","356":"t","357":"/","358":"t","359":"y","360":"p","361":"e","362":"s","363":"'","364":";","365":"\\","366":"n","367":"e","368":"x","369":"p","370":"o","371":"r","372":"t","373":" ","374":"c","375":"o","376":"n","377":"s","378":"t","379":" ","380":"f","381":"o","382":"r","383":"m","384":"a","385":"t","386":"W","387":"a","388":"l","389":"l","390":"e","391":"t","392":"A","393":"d","394":"d","395":"r","396":"e","397":"s","398":"s","399":" ","400":"=","401":" ","402":"(","403":"\\","404":"n","405":" ","406":" ","407":"a","408":"d","409":"d","410":"r","411":"e","412":"s","413":"s","414":":","415":" ","416":"s","417":"t","418":"r","419":"i","420":"n","421":"g","422":",","423":"\\","424":"n","425":" ","426":" ","427":"s","428":"t","429":"a","430":"r","431":"t","432":"L","433":"e","434":"n","435":"g","436":"t","437":"h","438":":","439":" ","440":"n","441":"u","442":"m","443":"b","444":"e","445":"r","446":" ","447":"=","448":" ","449":"6","450":",","451":"\\","452":"n","453":" ","454":" ","455":"e","456":"n","457":"d","458":"L","459":"e","460":"n","461":"g","462":"t","463":"h","464":":","465":" ","466":"n","467":"u","468":"m","469":"b","470":"e","471":"r","472":" ","473":"=","474":" ","475":"4","476":"\\","477":"n","478":")","479":":","480":" ","481":"s","482":"t","483":"r","484":"i","485":"n","486":"g","487":" ","488":"=","489":">","490":" ","491":"{","492":"\\","493":"n","494":" ","495":" ","496":"i","497":"f","498":" ","499":"(","500":"!","501":"a","502":"d","503":"d","504":"r","505":"e","506":"s","507":"s","508":")","509":" ","510":"r","511":"e","512":"t","513":"u","514":"r","515":"n","516":" ","517":"'","518":"'","519":";","520":"\\","521":"n","522":"\\","523":"n","524":" ","525":" ","526":"/","527":"/","528":" ","529":"检","530":"查","531":"地","532":"址","533":"长","534":"度","535":"是","536":"否","537":"足","538":"够","539":"进","540":"行","541":"格","542":"式","543":"化","544":"\\","545":"n","546":" ","547":" ","548":"i","549":"f","550":" ","551":"(","552":"a","553":"d","554":"d","555":"r","556":"e","557":"s","558":"s","559":".","560":"l","561":"e","562":"n","563":"g","564":"t","565":"h","566":" ","567":"<","568":"=","569":" ","570":"s","571":"t","572":"a","573":"r","574":"t","575":"L","576":"e","577":"n","578":"g","579":"t","580":"h","581":" ","582":"+","583":" ","584":"e","585":"n","586":"d","587":"L","588":"e","589":"n","590":"g","591":"t","592":"h","593":")","594":" ","595":"{","596":"\\","597":"n","598":" ","599":" ","600":" ","601":" ","602":"r","603":"e","604":"t","605":"u","606":"r","607":"n","608":" ","609":"a","610":"d","611":"d","612":"r","613":"e","614":"s","615":"s","616":";","617":"\\","618":"n","619":" ","620":" ","621":"}","622":"\\","623":"n","624":"\\","625":"n","626":" ","627":" ","628":"/","629":"/","630":" ","631":"移","632":"除","633":"可","634":"能","635":"的","636":"前","637":"缀","638":"\\","639":"n","640":" ","641":" ","642":"c","643":"o","644":"n","645":"s","646":"t","647":" ","648":"c","649":"l","650":"e","651":"a","652":"n","653":"A","654":"d","655":"d","656":"r","657":"e","658":"s","659":"s","660":" ","661":"=","662":" ","663":"a","664":"d","665":"d","666":"r","667":"e","668":"s","669":"s","670":".","671":"s","672":"t","673":"a","674":"r","675":"t","676":"s","677":"W","678":"i","679":"t","680":"h","681":"(","682":"'","683":"0","684":"x","685":"'","686":")","687":" ","688":"?","689":" ","690":"a","691":"d","692":"d","693":"r","694":"e","695":"s","696":"s","697":".","698":"s","699":"l","700":"i","701":"c","702":"e","703":"(","704":"2","705":")","706":" ","707":":","708":" ","709":"a","710":"d","711":"d","712":"r","713":"e","714":"s","715":"s","716":";","717":"\\","718":"n","719":"\\","720":"n","721":" ","722":" ","723":"/","724":"/","725":" ","726":"获","727":"取","728":"起","729":"始","730":"和","731":"结","732":"束","733":"部","734":"分","735":"\\","736":"n","737":" ","738":" ","739":"c","740":"o","741":"n","742":"s","743":"t","744":" ","745":"s","746":"t","747":"a","748":"r","749":"t","750":" ","751":"=","752":" ","753":"c","754":"l","755":"e","756":"a","757":"n","758":"A","759":"d","760":"d","761":"r","762":"e","763":"s","764":"s","765":".","766":"s","767":"l","768":"i","769":"c","770":"e","771":"(","772":"0","773":",","774":" ","775":"s","776":"t","777":"a","778":"r","779":"t","780":"L","781":"e","782":"n","783":"g","784":"t","785":"h","786":")","787":";","788":"\\","789":"n","790":" ","791":" ","792":"c","793":"o","794":"n","795":"s","796":"t","797":" ","798":"e","799":"n","800":"d","801":" ","802":"=","803":" ","804":"c","805":"l","806":"e","807":"a","808":"n","809":"A","810":"d","811":"d","812":"r","813":"e","814":"s","815":"s","816":".","817":"s","818":"l","819":"i","820":"c","821":"e","822":"(","823":"-","824":"e","825":"n","826":"d","827":"L","828":"e","829":"n","830":"g","831":"t","832":"h","833":")","834":";","835":"\\","836":"n","837":"\\","838":"n","839":" ","840":" ","841":"/","842":"/","843":" ","844":"如","845":"果","846":"原","847":"地","848":"址","849":"有","850":"0","851":"x","852":"前","853":"缀","854":"，","855":"添","856":"加","857":"回","858":"去","859":"\\","860":"n","861":" ","862":" ","863":"c","864":"o","865":"n","866":"s","867":"t","868":" ","869":"p","870":"r","871":"e","872":"f","873":"i","874":"x","875":" ","876":"=","877":" ","878":"a","879":"d","880":"d","881":"r","882":"e","883":"s","884":"s","885":".","886":"s","887":"t","888":"a","889":"r","890":"t","891":"s","892":"W","893":"i","894":"t","895":"h","896":"(","897":"'","898":"0","899":"x","900":"'","901":")","902":" ","903":"?","904":" ","905":"'","906":"0","907":"x","908":"'","909":" ","910":":","911":" ","912":"'","913":"'","914":";","915":"\\","916":"n","917":"\\","918":"n","919":" ","920":" ","921":"r","922":"e","923":"t","924":"u","925":"r","926":"n","927":" ","928":"`","929":"$","930":"{","931":"p","932":"r","933":"e","934":"f","935":"i","936":"x","937":"}","938":"$","939":"{","940":"s","941":"t","942":"a","943":"r","944":"t","945":"}","946":".","947":".","948":".","949":"$","950":"{","951":"e","952":"n","953":"d","954":"}","955":"`","956":";","957":"\\","958":"n","959":"}","960":";","961":"\\","962":"n","963":"\\","964":"n","965":"e","966":"x","967":"p","968":"o","969":"r","970":"t","971":" ","972":"f","973":"u","974":"n","975":"c","976":"t","977":"i","978":"o","979":"n","980":" ","981":"g","982":"e","983":"t","984":"N","985":"a","986":"m","987":"e","988":"(","989":"c","990":"o","991":"n","992":"n","993":"e","994":"c","995":"t","996":"o","997":"r","998":":","999":" ","1000":"C","1001":"o","1002":"n","1003":"n","1004":"e","1005":"c","1006":"t","1007":"o","1008":"r","1009":")","1010":" ","1011":"{","1012":"\\","1013":"n","1014":" ","1015":" ","1016":"i","1017":"f","1018":" ","1019":"(","1020":"c","1021":"o","1022":"n","1023":"n","1024":"e","1025":"c","1026":"t","1027":"o","1028":"r","1029":" ","1030":"i","1031":"n","1032":"s","1033":"t","1034":"a","1035":"n","1036":"c","1037":"e","1038":"o","1039":"f","1040":" ","1041":"M","1042":"e","1043":"t","1044":"a","1045":"M","1046":"a","1047":"s","1048":"k","1049":")","1050":" ","1051":"r","1052":"e","1053":"t","1054":"u","1055":"r","1056":"n","1057":" ","1058":"'","1059":"M","1060":"e","1061":"t","1062":"a","1063":"M","1064":"a","1065":"s","1066":"k","1067":"'","1068":";","1069":"\\","1070":"n","1071":" ","1072":" ","1073":"r","1074":"e","1075":"t","1076":"u","1077":"r","1078":"n","1079":" ","1080":"'","1081":"U","1082":"n","1083":"k","1084":"n","1085":"o","1086":"w","1087":"n","1088":"'","1089":";","1090":"\\","1091":"n","1092":"}","1093":"\\","1094":"n","1095":"\"","1096":"]","1097":",","1098":"\"","1099":"n","1100":"a","1101":"m","1102":"e","1103":"s","1104":"\"","1105":":","1106":"[","1107":"\"","1108":"f","1109":"o","1110":"r","1111":"m","1112":"a","1113":"t","1114":"W","1115":"a","1116":"l","1117":"l","1118":"e","1119":"t","1120":"A","1121":"d","1122":"d","1123":"r","1124":"e","1125":"s","1126":"s","1127":"\"","1128":",","1129":"\"","1130":"g","1131":"e","1132":"t","1133":"N","1134":"a","1135":"m","1136":"e","1137":"\"","1138":",","1139":"\"","1140":"a","1141":"d","1142":"d","1143":"r","1144":"e","1145":"s","1146":"s","1147":"\"","1148":",","1149":"\"","1150":"s","1151":"t","1152":"a","1153":"r","1154":"t","1155":"L","1156":"e","1157":"n","1158":"g","1159":"t","1160":"h","1161":"\"","1162":",","1163":"\"","1164":"e","1165":"n","1166":"d","1167":"L","1168":"e","1169":"n","1170":"g","1171":"t","1172":"h","1173":"\"","1174":",","1175":"\"","1176":"l","1177":"e","1178":"n","1179":"g","1180":"t","1181":"h","1182":"\"","1183":",","1184":"\"","1185":"c","1186":"l","1187":"e","1188":"a","1189":"n","1190":"A","1191":"d","1192":"d","1193":"r","1194":"e","1195":"s","1196":"s","1197":"\"","1198":",","1199":"\"","1200":"s","1201":"t","1202":"a","1203":"r","1204":"t","1205":"s","1206":"W","1207":"i","1208":"t","1209":"h","1210":"\"","1211":",","1212":"\"","1213":"s","1214":"l","1215":"i","1216":"c","1217":"e","1218":"\"","1219":",","1220":"\"","1221":"s","1222":"t","1223":"a","1224":"r","1225":"t","1226":"\"","1227":",","1228":"\"","1229":"e","1230":"n","1231":"d","1232":"\"","1233":",","1234":"\"","1235":"p","1236":"r","1237":"e","1238":"f","1239":"i","1240":"x","1241":"\"","1242":",","1243":"\"","1244":"c","1245":"o","1246":"n","1247":"n","1248":"e","1249":"c","1250":"t","1251":"o","1252":"r","1253":"\"","1254":",","1255":"\"","1256":"M","1257":"e","1258":"t","1259":"a","1260":"M","1261":"a","1262":"s","1263":"k","1264":"\"","1265":"]","1266":",","1267":"\"","1268":"m","1269":"a","1270":"p","1271":"p","1272":"i","1273":"n","1274":"g","1275":"s","1276":"\"","1277":":","1278":"\"","1279":"2","1280":"M","1281":"A","1282":"S","1283":"a","1284":"A","1285":",","1286":"m","1287":"B","1288":"A","1289":"A","1290":"m","1291":"B","1292":",","1293":"m","1294":"B","1295":"A","1296":"A","1297":"n","1298":"B","1299":"A","1300":",","1301":"q","1302":"B","1303":"A","1304":"y","1305":"B","1306":"G","1307":"C","1308":",","1309":"O","1310":"A","1311":"A","1312":"O","1313":",","1314":"m","1315":"B","1316":"A","1317":"A","1318":"P","1319":"A","1320":",","1321":"m","1322":"D","1323":"A","1324":"3","1325":"B","1326":"S","1327":",","1328":"s","1329":"E","1330":"A","1331":"E","1332":"l","1333":"B","1334":",","1335":"M","1336":"A","1337":"A","1338":"M","1339":"D","1340":",","1341":"o","1342":"B","1343":"A","1344":"A","1345":"s","1346":"B","1347":",","1348":"C","1349":"A","1350":"C","1351":"j","1352":"C","1353":"E","1354":",","1355":"Q","1356":"A","1357":"C","1358":"A","1359":"C","1360":",","1361":"Y","1362":"A","1363":"A","1364":"s","1365":"B","1366":",","1367":"C","1368":"A","1369":"A","1370":"C","1371":",","1372":"C","1373":"A","1374":"C","1375":"v","1376":"B","1377":"C","1378":",","1379":"U","1380":"A","1381":"A","1382":"o","1383":"B","1384":",","1385":"C","1386":"A","1387":"A","1388":"C","1389":",","1390":"I","1391":"A","1392":"E","1393":"r","1394":"B","1395":",","1396":"G","1397":"A","1398":"A","1399":"I","1400":",","1401":"C","1402":"A","1403":"A","1404":"C","1405":"F","1406":",","1407":"Q","1408":"A","1409":"A","1410":"S","1411":",","1412":"M","1413":"A","1414":"A","1415":"O","1416":",","1417":"G","1418":"A","1419":"G","1420":"r","1421":"B","1422":",","1423":"G","1424":"A","1425":"A","1426":"I","1427":"A","1428":",","1429":"Q","1430":"A","1431":"A","1432":"Q","1433":"G","1434":",","1435":"M","1436":"A","1437":"A","1438":"M","1439":",","1440":"E","1441":"A","1442":"A","1443":"I","1444":"F","1445":",","1446":"Y","1447":"A","1448":"A","1449":"c","1450":"C","1451":",","1452":"U","1453":"A","1454":"A","1455":"W","1456":",","1457":"C","1458":"A","1459":"C","1460":"7","1461":"C","1462":",","1463":"O","1464":"A","1465":"A","1466":"O","1467":"F","1468":",","1469":"O","1470":"A","1471":"C","1472":"T","1473":",","1474":"C","1475":"A","1476":"G","1477":"A","1478":",","1479":"M","1480":"A","1481":"A","1482":"M","1483":"I","1484":",","1485":"a","1486":"A","1487":"A","1488":"e","1489":"J","1490":",","1491":"Q","1492":"A","1493":"A","1494":"Q","1495":"K","1496":",","1497":"U","1498":"A","1499":"A","1500":"U","1501":",","1502":"C","1503":"A","1504":"A","1505":"C","1506":",","1507":"M","1508":"A","1509":"A","1510":"Q","1511":"L","1512":",","1513":"Q","1514":"A","1515":"A","1516":"Q","1517":"M","1518":",","1519":"K","1520":"A","1521":"A","1522":"K","1523":",","1524":"C","1525":"A","1526":"A","1527":"C","1528":",","1529":"G","1530":"A","1531":"A","1532":"K","1533":"N","1534":",","1535":"Q","1536":"A","1537":"G","1538":"n","1539":"E","1540":",","1541":"M","1542":"A","1543":"A","1544":"M","1545":"O","1546":",","1547":"M","1548":"A","1549":"A","1550":"Q","1551":"H","1552":",","1553":"a","1554":"A","1555":"A","1556":"a","1557":"E","1558":",","1559":"K","1560":"A","1561":"A","1562":"K","1563":",","1564":"C","1565":"A","1566":"A","1567":"C","1568":",","1569":"E","1570":"A","1571":"A","1572":"G","1573":"L","1574":",","1575":"a","1576":"A","1577":"C","1578":"p","1579":"C","1580":",","1581":"M","1582":"A","1583":"A","1584":"M","1585":"O","1586":",","1587":"I","1588":"A","1589":"A","1590":"M","1591":"J","1592":",","1593":"a","1594":"A","1595":"A","1596":"a","1597":"E","1598":",","1599":"K","1600":"A","1601":"A","1602":"K","1603":",","1604":"C","1605":"A","1606":"A","1607":"C","1608":",","1609":"C","1610":"A","1611":"A","1612":"C","1613":"J","1614":",","1615":"W","1616":"A","1617":"G","1618":"h","1619":"C","1620":",","1621":"M","1622":"A","1623":"A","1624":"M","1625":"O","1626":",","1627":"O","1628":"A","1629":"A","1630":"S","1631":"T","1632":",","1633":"Q","1634":"A","1635":"A","1636":"Q","1637":"K","1638":",","1639":"U","1640":"A","1641":"A","1642":"U","1643":",","1644":"C","1645":"A","1646":"A","1647":"C","1648":",","1649":"M","1650":"A","1651":"A","1652":"Q","1653":",","1654":"K","1655":"A","1656":"A","1657":"O","1658":",","1659":"G","1660":"A","1661":"E","1662":"j","1663":"D","1664":",","1665":"M","1666":"A","1667":"A","1668":"O","1669":",","1670":"C","1671":"A","1672":"A","1673":"C","1674":",","1675":"E","1676":"A","1677":"A","1678":"E","1679":"I","1680":",","1681":"O","1682":"A","1683":"A","1684":"O","1685":",","1686":"E","1687":"A","1688":"A","1689":"E","1690":"F","1691":",","1692":"M","1693":"A","1694":"A","1695":"M","1696":",","1697":"G","1698":"A","1699":"A","1700":"G","1701":",","1702":"E","1703":"A","1704":"A","1705":"E","1706":"C","1707":",","1708":"I","1709":"A","1710":"A","1711":"I","1712":",","1713":"C","1714":"A","1715":"A","1716":"C","1717":",","1718":"A","1719":"A","1720":"C","1721":"r","1722":"C","1723":",","1724":"E","1725":"A","1726":"E","1727":"O","1728":",","1729":"S","1730":"A","1731":"A","1732":"S","1733":"T","1734":",","1735":"Q","1736":"A","1737":"A","1738":"Q","1739":"W","1740":",","1741":"S","1742":"A","1743":"A","1744":"o","1745":"B","1746":",","1747":"E","1748":"A","1749":"C","1750":"1","1751":"C","1752":",","1753":"G","1754":"A","1755":"A","1756":"I","1757":"A","1758":",","1759":"q","1760":"B","1761":"A","1762":"A","1763":"q","1764":"B","1765":"C","1766":",","1767":"o","1768":"B","1769":"A","1770":"A","1771":"Q","1772":",","1773":"C","1774":"A","1775":"A","1776":"E","1777":",","1778":"M","1779":"A","1780":"A","1781":"O","1782":",","1783":"W","1784":"A","1785":"C","1786":"1","1787":"C","1788":",","1789":"M","1790":"A","1791":"A","1792":"O","1793":",","1794":"S","1795":"A","1796":"C","1797":"T","1798":"\"","1799":"}"},"_coverageSchema":"1a1c01bbd47fc00a2c39e90264f33305004495a9","hash":"723a2b680b1f0f9712e57b9aa7cc75579f625688"}
}
